[0624/225613.008:ERROR:process_memory_win.cc(73)] ReadMemory at 0x7ff6e4020000 of 64 bytes failed: Only part of a ReadProcessMemory or WriteProcessMemory request was completed. (0x12B)
[0624/225613.017:WARNING:pe_image_reader.cc(340)] could not read dos header from C:\Program Files (x86)\Google\Chrome\Application\chrome.exe
[0624/225613.018:ERROR:process_memory_win.cc(73)] ReadMemory at 0x7ffd9de10000 of 64 bytes failed: Only part of a ReadProcessMemory or WriteProcessMemory request was completed. (0x12B)
[0624/225613.018:WARNING:pe_image_reader.cc(340)] could not read dos header from C:\WINDOWS\SYSTEM32\ntdll.dll
[0624/225613.018:ERROR:process_memory_win.cc(73)] ReadMemory at 0x7ffd9b870000 of 64 bytes failed: Only part of a ReadProcessMemory or WriteProcessMemory request was completed. (0x12B)
[0624/225613.018:WARNING:pe_image_reader.cc(340)] could not read dos header from C:\WINDOWS\System32\KERNEL32.DLL
[0624/225613.019:ERROR:process_memory_win.cc(73)] ReadMemory at 0x7ffd9a290000 of 64 bytes failed: Only part of a ReadProcessMemory or WriteProcessMemory request was completed. (0x12B)
[0624/225613.019:WARNING:pe_image_reader.cc(340)] could not read dos header from C:\WINDOWS\System32\KERNELBASE.dll
[0624/225613.019:ERROR:process_memory_win.cc(73)] ReadMemory at 0x1f0f6100000 of 64 bytes failed: Only part of a ReadProcessMemory or WriteProcessMemory request was completed. (0x12B)
[0624/225613.019:WARNING:pe_image_reader.cc(340)] could not read dos header from C:\WINDOWS\System32\SHELL32.dll
[0624/225613.019:ERROR:process_memory_win.cc(73)] ReadMemory at 0x7ffd9b7d0000 of 64 bytes failed: Only part of a ReadProcessMemory or WriteProcessMemory request was completed. (0x12B)
[0624/225613.019:WARNING:pe_image_reader.cc(340)] could not read dos header from C:\WINDOWS\System32\msvcrt.dll
[0624/225613.019:ERROR:process_memory_win.cc(73)] ReadMemory at 0x7ffd9a240000 of 64 bytes failed: Only part of a ReadProcessMemory or WriteProcessMemory request was completed. (0x12B)
[0624/225613.019:WARNING:pe_image_reader.cc(340)] could not read dos header from C:\WINDOWS\System32\cfgmgr32.dll
[0624/225613.019:ERROR:process_memory_win.cc(73)] ReadMemory at 0x7ffd9b070000 of 64 bytes failed: Only part of a ReadProcessMemory or WriteProcessMemory request was completed. (0x12B)
[0624/225613.019:WARNING:pe_image_reader.cc(340)] could not read dos header from C:\WINDOWS\System32\ucrtbase.dll
[0624/225613.019:ERROR:process_memory_win.cc(73)] ReadMemory at 0x7ffd9b720000 of 64 bytes failed: Only part of a ReadProcessMemory or WriteProcessMemory request was completed. (0x12B)
[0624/225613.019:WARNING:pe_image_reader.cc(340)] could not read dos header from C:\WINDOWS\System32\shcore.dll
[0624/225613.019:ERROR:process_memory_win.cc(73)] ReadMemory at 0x7ffd9dc30000 of 64 bytes failed: Only part of a ReadProcessMemory or WriteProcessMemory request was completed. (0x12B)
[0624/225613.019:WARNING:pe_image_reader.cc(340)] could not read dos header from C:\WINDOWS\System32\RPCRT4.dll
[0624/225613.019:ERROR:process_memory_win.cc(73)] ReadMemory at 0x7ffd9cd70000 of 64 bytes failed: Only part of a ReadProcessMemory or WriteProcessMemory request was completed. (0x12B)
[0624/225613.019:WARNING:pe_image_reader.cc(340)] could not read dos header from C:\WINDOWS\System32\combase.dll
[0624/225613.019:ERROR:process_memory_win.cc(73)] ReadMemory at 0x7ffd9b220000 of 64 bytes failed: Only part of a ReadProcessMemory or WriteProcessMemory request was completed. (0x12B)
[0624/225613.019:WARNING:pe_image_reader.cc(340)] could not read dos header from C:\WINDOWS\System32\bcryptPrimitives.dll
[0624/225613.019:ERROR:process_memory_win.cc(73)] ReadMemory at 0x7ffd9a8c0000 of 64 bytes failed: Only part of a ReadProcessMemory or WriteProcessMemory request was completed. (0x12B)
[0624/225613.019:WARNING:pe_image_reader.cc(340)] could not read dos header from C:\WINDOWS\System32\windows.storage.dll
[0624/225613.019:ERROR:process_memory_win.cc(73)] ReadMemory at 0x7ffd9d0a0000 of 64 bytes failed: Only part of a ReadProcessMemory or WriteProcessMemory request was completed. (0x12B)
[0624/225613.020:WARNING:pe_image_reader.cc(340)] could not read dos header from C:\WINDOWS\System32\advapi32.dll
[0624/225613.020:ERROR:process_memory_win.cc(73)] ReadMemory at 0x7ffd9d930000 of 64 bytes failed: Only part of a ReadProcessMemory or WriteProcessMemory request was completed. (0x12B)
[0624/225613.020:WARNING:pe_image_reader.cc(340)] could not read dos header from C:\WINDOWS\System32\sechost.dll
[0624/225613.020:ERROR:process_memory_win.cc(73)] ReadMemory at 0x7ffd9da40000 of 64 bytes failed: Only part of a ReadProcessMemory or WriteProcessMemory request was completed. (0x12B)
[0624/225613.020:WARNING:pe_image_reader.cc(340)] could not read dos header from C:\WINDOWS\System32\shlwapi.dll
[0624/225613.020:ERROR:process_memory_win.cc(73)] ReadMemory at 0x7ffd9b2a0000 of 64 bytes failed: Only part of a ReadProcessMemory or WriteProcessMemory request was completed. (0x12B)
[0624/225613.020:WARNING:pe_image_reader.cc(340)] could not read dos header from C:\WINDOWS\System32\GDI32.dll
[0624/225613.020:ERROR:process_memory_win.cc(73)] ReadMemory at 0x7ffd9a720000 of 64 bytes failed: Only part of a ReadProcessMemory or WriteProcessMemory request was completed. (0x12B)
[0624/225613.020:WARNING:pe_image_reader.cc(340)] could not read dos header from C:\WINDOWS\System32\gdi32full.dll
[0624/225613.020:ERROR:process_memory_win.cc(73)] ReadMemory at 0x7ffd9afd0000 of 64 bytes failed: Only part of a ReadProcessMemory or WriteProcessMemory request was completed. (0x12B)
[0624/225613.020:WARNING:pe_image_reader.cc(340)] could not read dos header from C:\WINDOWS\System32\msvcp_win.dll
[0624/225613.020:ERROR:process_memory_win.cc(73)] ReadMemory at 0x7ffd9daa0000 of 64 bytes failed: Only part of a ReadProcessMemory or WriteProcessMemory request was completed. (0x12B)
[0624/225613.020:WARNING:pe_image_reader.cc(340)] could not read dos header from C:\WINDOWS\System32\USER32.dll
[0624/225613.020:ERROR:process_memory_win.cc(73)] ReadMemory at 0x7ffd9a700000 of 64 bytes failed: Only part of a ReadProcessMemory or WriteProcessMemory request was completed. (0x12B)
[0624/225613.020:WARNING:pe_image_reader.cc(340)] could not read dos header from C:\WINDOWS\System32\win32u.dll
[0624/225613.020:ERROR:process_memory_win.cc(73)] ReadMemory at 0x7ffd9a160000 of 64 bytes failed: Only part of a ReadProcessMemory or WriteProcessMemory request was completed. (0x12B)
[0624/225613.020:WARNING:pe_image_reader.cc(340)] could not read dos header from C:\WINDOWS\System32\kernel.appcore.dll
[0624/225613.020:ERROR:process_memory_win.cc(73)] ReadMemory at 0x7ffd9a140000 of 64 bytes failed: Only part of a ReadProcessMemory or WriteProcessMemory request was completed. (0x12B)
[0624/225613.020:WARNING:pe_image_reader.cc(340)] could not read dos header from C:\WINDOWS\System32\profapi.dll
[0624/225613.020:ERROR:process_memory_win.cc(73)] ReadMemory at 0x7ffd9a180000 of 64 bytes failed: Only part of a ReadProcessMemory or WriteProcessMemory request was completed. (0x12B)
[0624/225613.020:WARNING:pe_image_reader.cc(340)] could not read dos header from C:\WINDOWS\System32\powrprof.dll
[0624/225613.021:ERROR:process_memory_win.cc(73)] ReadMemory at 0x7ffd9a1d0000 of 64 bytes failed: Only part of a ReadProcessMemory or WriteProcessMemory request was completed. (0x12B)
[0624/225613.021:WARNING:pe_image_reader.cc(340)] could not read dos header from C:\WINDOWS\System32\FLTLIB.DLL
[0624/225613.021:ERROR:process_memory_win.cc(73)] ReadMemory at 0x7ffd83d60000 of 64 bytes failed: Only part of a ReadProcessMemory or WriteProcessMemory request was completed. (0x12B)
[0624/225613.021:WARNING:pe_image_reader.cc(340)] could not read dos header from C:\Program Files (x86)\Google\Chrome\Application\75.0.3770.100\chrome_elf.dll
[0624/225613.021:ERROR:process_memory_win.cc(73)] ReadMemory at 0x7ffd8e7b0000 of 64 bytes failed: Only part of a ReadProcessMemory or WriteProcessMemory request was completed. (0x12B)
[0624/225613.021:WARNING:pe_image_reader.cc(340)] could not read dos header from C:\WINDOWS\SYSTEM32\VERSION.dll
[0624/225613.021:ERROR:process_memory_win.cc(73)] ReadMemory at 0x7ffd97cf0000 of 64 bytes failed: Only part of a ReadProcessMemory or WriteProcessMemory request was completed. (0x12B)
[0624/225613.021:WARNING:pe_image_reader.cc(340)] could not read dos header from C:\WINDOWS\SYSTEM32\WINMM.dll
[0624/225613.021:ERROR:process_memory_win.cc(73)] ReadMemory at 0x7ffd9a020000 of 64 bytes failed: Only part of a ReadProcessMemory or WriteProcessMemory request was completed. (0x12B)
[0624/225613.021:WARNING:pe_image_reader.cc(340)] could not read dos header from C:\WINDOWS\SYSTEM32\USERENV.dll
[0624/225613.021:ERROR:process_memory_win.cc(73)] ReadMemory at 0x7ffd976f0000 of 64 bytes failed: Only part of a ReadProcessMemory or WriteProcessMemory request was completed. (0x12B)
[0624/225613.021:WARNING:pe_image_reader.cc(340)] could not read dos header from C:\WINDOWS\SYSTEM32\WINMMBASE.dll
[0624/225613.021:ERROR:process_memory_win.cc(73)] ReadMemory at 0x7ffd99b70000 of 64 bytes failed: Only part of a ReadProcessMemory or WriteProcessMemory request was completed. (0x12B)
[0624/225613.021:WARNING:pe_image_reader.cc(340)] could not read dos header from C:\WINDOWS\SYSTEM32\CRYPTBASE.DLL
[0624/225613.021:ERROR:process_memory_win.cc(73)] ReadMemory at 0x7ffd9da00000 of 64 bytes failed: Only part of a ReadProcessMemory or WriteProcessMemory request was completed. (0x12B)
[0624/225613.021:WARNING:pe_image_reader.cc(340)] could not read dos header from C:\WINDOWS\System32\IMM32.DLL
[0624/225613.021:ERROR:process_memory_win.cc(73)] ReadMemory at 0x7ffd33a20000 of 64 bytes failed: Only part of a ReadProcessMemory or WriteProcessMemory request was completed. (0x12B)
[0624/225613.021:WARNING:pe_image_reader.cc(340)] could not read dos header from C:\Program Files (x86)\Google\Chrome\Application\75.0.3770.100\chrome_child.dll
[0624/225613.021:ERROR:process_memory_win.cc(73)] ReadMemory at 0x7ffd9d990000 of 64 bytes failed: Only part of a ReadProcessMemory or WriteProcessMemory request was completed. (0x12B)
[0624/225613.021:WARNING:pe_image_reader.cc(340)] could not read dos header from C:\WINDOWS\System32\WS2_32.dll
[0624/225613.021:ERROR:process_memory_win.cc(73)] ReadMemory at 0x7ffd9b540000 of 64 bytes failed: Only part of a ReadProcessMemory or WriteProcessMemory request was completed. (0x12B)
[0624/225613.022:WARNING:pe_image_reader.cc(340)] could not read dos header from C:\WINDOWS\System32\ole32.dll
[0624/225613.022:ERROR:process_memory_win.cc(73)] ReadMemory at 0x7ffd9b470000 of 64 bytes failed: Only part of a ReadProcessMemory or WriteProcessMemory request was completed. (0x12B)
[0624/225613.022:WARNING:pe_image_reader.cc(340)] could not read dos header from C:\WINDOWS\System32\OLEAUT32.dll
[0624/225613.022:ERROR:process_memory_win.cc(73)] ReadMemory at 0x7ffd9a1e0000 of 64 bytes failed: Only part of a ReadProcessMemory or WriteProcessMemory request was completed. (0x12B)
[0624/225613.022:WARNING:pe_image_reader.cc(340)] could not read dos header from C:\WINDOWS\System32\WINTRUST.dll
[0624/225613.022:ERROR:process_memory_win.cc(73)] ReadMemory at 0x7ffd9a120000 of 64 bytes failed: Only part of a ReadProcessMemory or WriteProcessMemory request was completed. (0x12B)
[0624/225613.022:WARNING:pe_image_reader.cc(340)] could not read dos header from C:\WINDOWS\System32\MSASN1.dll
[0624/225613.022:ERROR:process_memory_win.cc(73)] ReadMemory at 0x7ffd9a510000 of 64 bytes failed: Only part of a ReadProcessMemory or WriteProcessMemory request was completed. (0x12B)
[0624/225613.022:WARNING:pe_image_reader.cc(340)] could not read dos header from C:\WINDOWS\System32\CRYPT32.dll
[0624/225613.022:ERROR:process_memory_win.cc(73)] ReadMemory at 0x7ffd9b370000 of 64 bytes failed: Only part of a ReadProcessMemory or WriteProcessMemory request was completed. (0x12B)
[0624/225613.022:WARNING:pe_image_reader.cc(340)] could not read dos header from C:\WINDOWS\System32\COMDLG32.dll
[0624/225613.022:ERROR:process_memory_win.cc(73)] ReadMemory at 0x7ffd99730000 of 64 bytes failed: Only part of a ReadProcessMemory or WriteProcessMemory request was completed. (0x12B)
[0624/225613.022:WARNING:pe_image_reader.cc(340)] could not read dos header from C:\WINDOWS\SYSTEM32\IPHLPAPI.DLL
[0624/225613.022:ERROR:process_memory_win.cc(73)] ReadMemory at 0x7ffd8bb60000 of 64 bytes failed: Only part of a ReadProcessMemory or WriteProcessMemory request was completed. (0x12B)
[0624/225613.022:WARNING:pe_image_reader.cc(340)] could not read dos header from C:\WINDOWS\SYSTEM32\OLEACC.dll
[0624/225613.022:ERROR:process_memory_win.cc(73)] ReadMemory at 0x7ffd81980000 of 64 bytes failed: Only part of a ReadProcessMemory or WriteProcessMemory request was completed. (0x12B)
[0624/225613.022:WARNING:pe_image_reader.cc(340)] could not read dos header from C:\WINDOWS\SYSTEM32\UIAutomationCore.DLL
[0624/225613.022:ERROR:process_memory_win.cc(73)] ReadMemory at 0x7ffd96e00000 of 64 bytes failed: Only part of a ReadProcessMemory or WriteProcessMemory request was completed. (0x12B)
[0624/225613.022:WARNING:pe_image_reader.cc(340)] could not read dos header from C:\WINDOWS\SYSTEM32\WTSAPI32.dll
[0624/225613.022:ERROR:process_memory_win.cc(73)] ReadMemory at 0x7ffd8aee0000 of 64 bytes failed: Only part of a ReadProcessMemory or WriteProcessMemory request was completed. (0x12B)
[0624/225613.022:WARNING:pe_image_reader.cc(340)] could not read dos header from C:\WINDOWS\SYSTEM32\DWrite.dll
[0624/225613.022:ERROR:process_memory_win.cc(73)] ReadMemory at 0x7ffd98ef0000 of 64 bytes failed: Only part of a ReadProcessMemory or WriteProcessMemory request was completed. (0x12B)
[0624/225613.022:WARNING:pe_image_reader.cc(340)] could not read dos header from C:\WINDOWS\SYSTEM32\dxgi.dll
[0624/225613.022:ERROR:process_memory_win.cc(73)] ReadMemory at 0x7ffd8eee0000 of 64 bytes failed: Only part of a ReadProcessMemory or WriteProcessMemory request was completed. (0x12B)
[0624/225613.023:WARNING:pe_image_reader.cc(340)] could not read dos header from C:\WINDOWS\SYSTEM32\WINSPOOL.DRV
[0624/225613.023:ERROR:process_memory_win.cc(73)] ReadMemory at 0x7ffd87830000 of 64 bytes failed: Only part of a ReadProcessMemory or WriteProcessMemory request was completed. (0x12B)
[0624/225613.023:WARNING:pe_image_reader.cc(340)] could not read dos header from C:\WINDOWS\SYSTEM32\dbghelp.dll
[0624/225613.023:ERROR:process_memory_win.cc(73)] ReadMemory at 0x7ffd8efb0000 of 64 bytes failed: Only part of a ReadProcessMemory or WriteProcessMemory request was completed. (0x12B)
[0624/225613.023:WARNING:pe_image_reader.cc(340)] could not read dos header from C:\WINDOWS\WinSxS\amd64_microsoft.windows.common-controls_6595b64144ccf1df_6.0.17134.829_none_fb46a5473061b9d5\COMCTL32.dll
[0624/225613.023:ERROR:process_memory_win.cc(73)] ReadMemory at 0x7ffd827d0000 of 64 bytes failed: Only part of a ReadProcessMemory or WriteProcessMemory request was completed. (0x12B)
[0624/225613.023:WARNING:pe_image_reader.cc(340)] could not read dos header from C:\WINDOWS\SYSTEM32\USP10.dll
[0624/225613.023:ERROR:process_memory_win.cc(73)] ReadMemory at 0x7ffd8f330000 of 64 bytes failed: Only part of a ReadProcessMemory or WriteProcessMemory request was completed. (0x12B)
[0624/225613.023:WARNING:pe_image_reader.cc(340)] could not read dos header from C:\WINDOWS\SYSTEM32\WINHTTP.dll
[0624/225613.023:ERROR:process_memory_win.cc(73)] ReadMemory at 0x7ffd8b3e0000 of 64 bytes failed: Only part of a ReadProcessMemory or WriteProcessMemory request was completed. (0x12B)
[0624/225613.023:WARNING:pe_image_reader.cc(340)] could not read dos header from C:\WINDOWS\SYSTEM32\urlmon.dll
[0624/225613.023:ERROR:process_memory_win.cc(73)] ReadMemory at 0x7ffd8b760000 of 64 bytes failed: Only part of a ReadProcessMemory or WriteProcessMemory request was completed. (0x12B)
[0624/225613.023:WARNING:pe_image_reader.cc(340)] could not read dos header from C:\WINDOWS\SYSTEM32\Secur32.dll
[0624/225613.023:ERROR:process_memory_win.cc(73)] ReadMemory at 0x7ffd8fea0000 of 64 bytes failed: Only part of a ReadProcessMemory or WriteProcessMemory request was completed. (0x12B)
[0624/225613.023:WARNING:pe_image_reader.cc(340)] could not read dos header from C:\WINDOWS\SYSTEM32\dhcpcsvc.DLL
[0624/225613.023:ERROR:process_memory_win.cc(73)] ReadMemory at 0x7ffd9b460000 of 64 bytes failed: Only part of a ReadProcessMemory or WriteProcessMemory request was completed. (0x12B)
[0624/225613.023:WARNING:pe_image_reader.cc(340)] could not read dos header from C:\WINDOWS\System32\NSI.dll
[0624/225613.023:ERROR:process_memory_win.cc(73)] ReadMemory at 0x7ffd96c10000 of 64 bytes failed: Only part of a ReadProcessMemory or WriteProcessMemory request was completed. (0x12B)
[0624/225613.023:WARNING:pe_image_reader.cc(340)] could not read dos header from C:\WINDOWS\SYSTEM32\PROPSYS.dll
[0624/225613.023:ERROR:process_memory_win.cc(73)] ReadMemory at 0x7ffd99c80000 of 64 bytes failed: Only part of a ReadProcessMemory or WriteProcessMemory request was completed. (0x12B)
[0624/225613.023:WARNING:pe_image_reader.cc(340)] could not read dos header from C:\WINDOWS\SYSTEM32\bcrypt.dll
[0624/225613.023:ERROR:process_memory_win.cc(73)] ReadMemory at 0x7ffd8c0b0000 of 64 bytes failed: Only part of a ReadProcessMemory or WriteProcessMemory request was completed. (0x12B)
[0624/225613.024:WARNING:pe_image_reader.cc(340)] could not read dos header from C:\WINDOWS\SYSTEM32\iertutil.dll
[0624/225613.024:ERROR:process_memory_win.cc(73)] ReadMemory at 0x7ffd9a050000 of 64 bytes failed: Only part of a ReadProcessMemory or WriteProcessMemory request was completed. (0x12B)
[0624/225613.024:WARNING:pe_image_reader.cc(340)] could not read dos header from C:\WINDOWS\SYSTEM32\SSPICLI.DLL
[0624/225613.096:ERROR:process_memory_win.cc(73)] ReadMemory at 0x273fbf1000 of 61440 bytes failed: Only part of a ReadProcessMemory or WriteProcessMemory request was completed. (0x12B)
[0624/225613.096:ERROR:process_memory_win.cc(73)] ReadMemory at 0x273fdfd000 of 12288 bytes failed: Only part of a ReadProcessMemory or WriteProcessMemory request was completed. (0x12B)
[0624/225613.096:ERROR:process_memory_win.cc(73)] ReadMemory at 0x27401fc000 of 16384 bytes failed: Only part of a ReadProcessMemory or WriteProcessMemory request was completed. (0x12B)
[0624/225613.097:ERROR:process_memory_win.cc(73)] ReadMemory at 0x27403fc000 of 16384 bytes failed: Only part of a ReadProcessMemory or WriteProcessMemory request was completed. (0x12B)
[0624/225613.097:ERROR:process_memory_win.cc(73)] ReadMemory at 0x27405ff000 of 4096 bytes failed: Only part of a ReadProcessMemory or WriteProcessMemory request was completed. (0x12B)
[0624/225613.097:ERROR:process_memory_win.cc(73)] ReadMemory at 0x27407fd000 of 12288 bytes failed: Only part of a ReadProcessMemory or WriteProcessMemory request was completed. (0x12B)
[0624/225613.097:ERROR:process_memory_win.cc(73)] ReadMemory at 0x27409fb000 of 20480 bytes failed: Only part of a ReadProcessMemory or WriteProcessMemory request was completed. (0x12B)
[0624/225613.097:ERROR:process_memory_win.cc(73)] ReadMemory at 0x2740dfc000 of 16384 bytes failed: Only part of a ReadProcessMemory or WriteProcessMemory request was completed. (0x12B)
[0624/225613.098:ERROR:process_memory_win.cc(73)] ReadMemory at 0x2740ffc000 of 16384 bytes failed: Only part of a ReadProcessMemory or WriteProcessMemory request was completed. (0x12B)
[0624/225613.098:ERROR:process_memory_win.cc(73)] ReadMemory at 0x27411fd000 of 12288 bytes failed: Only part of a ReadProcessMemory or WriteProcessMemory request was completed. (0x12B)
[0624/225613.098:ERROR:process_memory_win.cc(73)] ReadMemory at 0x2740bfd000 of 12288 bytes failed: Only part of a ReadProcessMemory or WriteProcessMemory request was completed. (0x12B)
[0624/225613.098:ERROR:process_memory_win.cc(73)] ReadMemory at 0x27417fd000 of 12288 bytes failed: Only part of a ReadProcessMemory or WriteProcessMemory request was completed. (0x12B)
[0624/225613.098:ERROR:process_memory_win.cc(73)] ReadMemory at 0x273fff5000 of 45056 bytes failed: Only part of a ReadProcessMemory or WriteProcessMemory request was completed. (0x12B)
[0624/225613.098:ERROR:process_memory_win.cc(73)] ReadMemory at 0x27413fc000 of 16384 bytes failed: Only part of a ReadProcessMemory or WriteProcessMemory request was completed. (0x12B)
[0624/225613.098:ERROR:process_memory_win.cc(73)] ReadMemory at 0x27415fc000 of 16384 bytes failed: Only part of a ReadProcessMemory or WriteProcessMemory request was completed. (0x12B)
[0624/225613.098:ERROR:process_memory_win.cc(73)] ReadMemory at 0x27419ff000 of 4096 bytes failed: Only part of a ReadProcessMemory or WriteProcessMemory request was completed. (0x12B)
[0624/225613.099:ERROR:process_memory_win.cc(73)] ReadMemory at 0x273f8de000 of 852 bytes failed: Only part of a ReadProcessMemory or WriteProcessMemory request was completed. (0x12B)
[0624/225613.099:ERROR:process_memory_win.cc(73)] ReadMemory at 0x273f8df000 of 6024 bytes failed: Only part of a ReadProcessMemory or WriteProcessMemory request was completed. (0x12B)
[0624/225613.099:ERROR:process_memory_win.cc(73)] ReadMemory at 0x273f8e1000 of 6024 bytes failed: Only part of a ReadProcessMemory or WriteProcessMemory request was completed. (0x12B)
[0624/225613.099:ERROR:process_memory_win.cc(73)] ReadMemory at 0x273f8e5000 of 6024 bytes failed: Only part of a ReadProcessMemory or WriteProcessMemory request was completed. (0x12B)
[0624/225613.099:ERROR:process_memory_win.cc(73)] ReadMemory at 0x273f8e7000 of 6024 bytes failed: Only part of a ReadProcessMemory or WriteProcessMemory request was completed. (0x12B)
[0624/225613.099:ERROR:process_memory_win.cc(73)] ReadMemory at 0x273f8e9000 of 6024 bytes failed: Only part of a ReadProcessMemory or WriteProcessMemory request was completed. (0x12B)
[0624/225613.099:ERROR:process_memory_win.cc(73)] ReadMemory at 0x273f8eb000 of 6024 bytes failed: Only part of a ReadProcessMemory or WriteProcessMemory request was completed. (0x12B)
[0624/225613.099:ERROR:process_memory_win.cc(73)] ReadMemory at 0x273f8ed000 of 6024 bytes failed: Only part of a ReadProcessMemory or WriteProcessMemory request was completed. (0x12B)
[0624/225613.099:ERROR:process_memory_win.cc(73)] ReadMemory at 0x273f8f1000 of 6024 bytes failed: Only part of a ReadProcessMemory or WriteProcessMemory request was completed. (0x12B)
[0624/225613.099:ERROR:process_memory_win.cc(73)] ReadMemory at 0x273f8f3000 of 6024 bytes failed: Only part of a ReadProcessMemory or WriteProcessMemory request was completed. (0x12B)
[0624/225613.099:ERROR:process_memory_win.cc(73)] ReadMemory at 0x273f8f5000 of 6024 bytes failed: Only part of a ReadProcessMemory or WriteProcessMemory request was completed. (0x12B)
[0624/225613.099:ERROR:process_memory_win.cc(73)] ReadMemory at 0x273f8fd000 of 6024 bytes failed: Only part of a ReadProcessMemory or WriteProcessMemory request was completed. (0x12B)
[0624/225613.100:ERROR:process_memory_win.cc(73)] ReadMemory at 0x273f907000 of 6024 bytes failed: Only part of a ReadProcessMemory or WriteProcessMemory request was completed. (0x12B)
[0624/225613.100:ERROR:process_memory_win.cc(73)] ReadMemory at 0x273f915000 of 6024 bytes failed: Only part of a ReadProcessMemory or WriteProcessMemory request was completed. (0x12B)
[0624/225613.100:ERROR:process_memory_win.cc(73)] ReadMemory at 0x273f919000 of 6024 bytes failed: Only part of a ReadProcessMemory or WriteProcessMemory request was completed. (0x12B)
[0624/225613.100:ERROR:process_memory_win.cc(73)] ReadMemory at 0x273f91b000 of 6024 bytes failed: Only part of a ReadProcessMemory or WriteProcessMemory request was completed. (0x12B)
[0624/225613.100:ERROR:process_memory_win.cc(73)] ReadMemory at 0x273f91d000 of 6024 bytes failed: Only part of a ReadProcessMemory or WriteProcessMemory request was completed. (0x12B)
[0624/225613.100:ERROR:process_memory_win.cc(73)] ReadMemory at 0x1f0f5e10ab0 of 512 bytes failed: Only part of a ReadProcessMemory or WriteProcessMemory request was completed. (0x12B)
[0624/225613.100:ERROR:process_memory_win.cc(73)] ReadMemory at 0x1f0f5e10fc0 of 10188 bytes failed: Only part of a ReadProcessMemory or WriteProcessMemory request was completed. (0x12B)
[0624/225613.101:ERROR:process_memory_win.cc(73)] ReadMemory at 0x1f0f5e137a0 of 1012 bytes failed: Only part of a ReadProcessMemory or WriteProcessMemory request was completed. (0x12B)
[0624/225613.101:ERROR:process_memory_win.cc(73)] ReadMemory at 0x1f0f5e13db8 of 118 bytes failed: Only part of a ReadProcessMemory or WriteProcessMemory request was completed. (0x12B)
[0624/225613.101:ERROR:process_memory_win.cc(73)] ReadMemory at 0x1f0f5e13e30 of 1012 bytes failed: Only part of a ReadProcessMemory or WriteProcessMemory request was completed. (0x12B)
[0624/225613.101:ERROR:process_memory_win.cc(73)] ReadMemory at 0x1f0f5e14226 of 118 bytes failed: Only part of a ReadProcessMemory or WriteProcessMemory request was completed. (0x12B)
[0624/225613.101:ERROR:process_memory_win.cc(73)] ReadMemory at 0x1f0f5e1429e of 96 bytes failed: Only part of a ReadProcessMemory or WriteProcessMemory request was completed. (0x12B)
[0624/225613.101:ERROR:process_memory_win.cc(73)] ReadMemory at 0x1f0f5e14310 of 58 bytes failed: Only part of a ReadProcessMemory or WriteProcessMemory request was completed. (0x12B)
[0624/225613.101:ERROR:process_memory_win.cc(73)] ReadMemory at 0x1f0f5e14410 of 132 bytes failed: Only part of a ReadProcessMemory or WriteProcessMemory request was completed. (0x12B)
[0624/225613.101:ERROR:process_memory_win.cc(73)] ReadMemory at 0x1f0f5e145a0 of 132 bytes failed: Only part of a ReadProcessMemory or WriteProcessMemory request was completed. (0x12B)
[0624/225613.101:ERROR:process_memory_win.cc(73)] ReadMemory at 0x1f0f5e14760 of 126 bytes failed: Only part of a ReadProcessMemory or WriteProcessMemory request was completed. (0x12B)
[0624/225613.101:ERROR:process_memory_win.cc(73)] ReadMemory at 0x1f0f5e14b40 of 132 bytes failed: Only part of a ReadProcessMemory or WriteProcessMemory request was completed. (0x12B)
[0624/225613.101:ERROR:process_memory_win.cc(73)] ReadMemory at 0x1f0f5e14cd0 of 64 bytes failed: Only part of a ReadProcessMemory or WriteProcessMemory request was completed. (0x12B)
[0624/225613.148:ERROR:process_memory_win.cc(73)] ReadMemory at 0x1f0f5e15120 of 132 bytes failed: Only part of a ReadProcessMemory or WriteProcessMemory request was completed. (0x12B)
[0624/225613.148:ERROR:process_memory_win.cc(73)] ReadMemory at 0x1f0f5e152b0 of 68 bytes failed: Only part of a ReadProcessMemory or WriteProcessMemory request was completed. (0x12B)
[0624/225613.148:ERROR:process_memory_win.cc(73)] ReadMemory at 0x1f0f5e160f0 of 132 bytes failed: Only part of a ReadProcessMemory or WriteProcessMemory request was completed. (0x12B)
[0624/225613.148:ERROR:process_memory_win.cc(73)] ReadMemory at 0x1f0f5e16220 of 132 bytes failed: Only part of a ReadProcessMemory or WriteProcessMemory request was completed. (0x12B)
[0624/225613.148:ERROR:process_memory_win.cc(73)] ReadMemory at 0x1f0f5e16350 of 62 bytes failed: Only part of a ReadProcessMemory or WriteProcessMemory request was completed. (0x12B)
[0624/225613.148:ERROR:process_memory_win.cc(73)] ReadMemory at 0x1f0f5e16500 of 246 bytes failed: Only part of a ReadProcessMemory or WriteProcessMemory request was completed. (0x12B)
[0624/225613.148:ERROR:process_memory_win.cc(73)] ReadMemory at 0x1f0f5e16750 of 132 bytes failed: Only part of a ReadProcessMemory or WriteProcessMemory request was completed. (0x12B)
[0624/225613.148:ERROR:process_memory_win.cc(73)] ReadMemory at 0x1f0f5e168e0 of 60 bytes failed: Only part of a ReadProcessMemory or WriteProcessMemory request was completed. (0x12B)
[0624/225613.148:ERROR:process_memory_win.cc(73)] ReadMemory at 0x1f0f5e16930 of 158 bytes failed: Only part of a ReadProcessMemory or WriteProcessMemory request was completed. (0x12B)
[0624/225613.148:ERROR:process_memory_win.cc(73)] ReadMemory at 0x1f0f5e16b30 of 132 bytes failed: Only part of a ReadProcessMemory or WriteProcessMemory request was completed. (0x12B)
[0624/225613.148:ERROR:process_memory_win.cc(73)] ReadMemory at 0x1f0f5e16cc0 of 64 bytes failed: Only part of a ReadProcessMemory or WriteProcessMemory request was completed. (0x12B)
[0624/225613.148:ERROR:process_memory_win.cc(73)] ReadMemory at 0x1f0f5e16f40 of 132 bytes failed: Only part of a ReadProcessMemory or WriteProcessMemory request was completed. (0x12B)
[0624/225613.149:ERROR:process_memory_win.cc(73)] ReadMemory at 0x1f0f5e170d0 of 64 bytes failed: Only part of a ReadProcessMemory or WriteProcessMemory request was completed. (0x12B)
[0624/225613.149:ERROR:process_memory_win.cc(73)] ReadMemory at 0x1f0f5e17330 of 132 bytes failed: Only part of a ReadProcessMemory or WriteProcessMemory request was completed. (0x12B)
[0624/225613.149:ERROR:process_memory_win.cc(73)] ReadMemory at 0x1f0f5e174c0 of 60 bytes failed: Only part of a ReadProcessMemory or WriteProcessMemory request was completed. (0x12B)
[0624/225613.149:ERROR:process_memory_win.cc(73)] ReadMemory at 0x1f0f5e177e0 of 132 bytes failed: Only part of a ReadProcessMemory or WriteProcessMemory request was completed. (0x12B)
[0624/225613.149:ERROR:process_memory_win.cc(73)] ReadMemory at 0x1f0f5e17970 of 60 bytes failed: Only part of a ReadProcessMemory or WriteProcessMemory request was completed. (0x12B)
[0624/225613.149:ERROR:process_memory_win.cc(73)] ReadMemory at 0x1f0f5e17bb0 of 132 bytes failed: Only part of a ReadProcessMemory or WriteProcessMemory request was completed. (0x12B)
[0624/225613.149:ERROR:process_memory_win.cc(73)] ReadMemory at 0x1f0f5e17d40 of 62 bytes failed: Only part of a ReadProcessMemory or WriteProcessMemory request was completed. (0x12B)
[0624/225613.149:ERROR:process_memory_win.cc(73)] ReadMemory at 0x1f0f5e180b0 of 132 bytes failed: Only part of a ReadProcessMemory or WriteProcessMemory request was completed. (0x12B)
[0624/225613.168:ERROR:process_memory_win.cc(73)] ReadMemory at 0x1f0f5e18240 of 80 bytes failed: Only part of a ReadProcessMemory or WriteProcessMemory request was completed. (0x12B)
[0624/225613.168:ERROR:process_memory_win.cc(73)] ReadMemory at 0x1f0f5e1a880 of 132 bytes failed: Only part of a ReadProcessMemory or WriteProcessMemory request was completed. (0x12B)
[0624/225613.168:ERROR:process_memory_win.cc(73)] ReadMemory at 0x1f0f5e1aac0 of 78 bytes failed: Only part of a ReadProcessMemory or WriteProcessMemory request was completed. (0x12B)
[0624/225613.199:ERROR:process_memory_win.cc(73)] ReadMemory at 0x1f0f5e1b0c0 of 76 bytes failed: Only part of a ReadProcessMemory or WriteProcessMemory request was completed. (0x12B)
[0624/225613.199:ERROR:process_memory_win.cc(73)] ReadMemory at 0x1f0f5e1bde0 of 132 bytes failed: Only part of a ReadProcessMemory or WriteProcessMemory request was completed. (0x12B)
[0624/225613.199:ERROR:process_memory_win.cc(73)] ReadMemory at 0x1f0f5e1bf10 of 64 bytes failed: Only part of a ReadProcessMemory or WriteProcessMemory request was completed. (0x12B)
[0624/225613.199:ERROR:process_memory_win.cc(73)] ReadMemory at 0x1f0f5e1c180 of 132 bytes failed: Only part of a ReadProcessMemory or WriteProcessMemory request was completed. (0x12B)
[0624/225613.199:ERROR:process_memory_win.cc(73)] ReadMemory at 0x1f0f5e1c2b0 of 62 bytes failed: Only part of a ReadProcessMemory or WriteProcessMemory request was completed. (0x12B)
[0624/225613.199:ERROR:process_memory_win.cc(73)] ReadMemory at 0x1f0f5e1c4e0 of 132 bytes failed: Only part of a ReadProcessMemory or WriteProcessMemory request was completed. (0x12B)
[0624/225613.199:ERROR:process_memory_win.cc(73)] ReadMemory at 0x1f0f5e1c610 of 62 bytes failed: Only part of a ReadProcessMemory or WriteProcessMemory request was completed. (0x12B)
[0624/225613.199:ERROR:process_memory_win.cc(73)] ReadMemory at 0x1f0f5e1c910 of 132 bytes failed: Only part of a ReadProcessMemory or WriteProcessMemory request was completed. (0x12B)
[0624/225613.199:ERROR:process_memory_win.cc(73)] ReadMemory at 0x1f0f5e1ca40 of 132 bytes failed: Only part of a ReadProcessMemory or WriteProcessMemory request was completed. (0x12B)
[0624/225613.199:ERROR:process_memory_win.cc(73)] ReadMemory at 0x1f0f5e1cb70 of 132 bytes failed: Only part of a ReadProcessMemory or WriteProcessMemory request was completed. (0x12B)
[0624/225613.199:ERROR:process_memory_win.cc(73)] ReadMemory at 0x1f0f5e1cca0 of 132 bytes failed: Only part of a ReadProcessMemory or WriteProcessMemory request was completed. (0x12B)
[0624/225613.199:ERROR:process_memory_win.cc(73)] ReadMemory at 0x1f0f5e1cdd0 of 132 bytes failed: Only part of a ReadProcessMemory or WriteProcessMemory request was completed. (0x12B)
[0624/225613.199:ERROR:process_memory_win.cc(73)] ReadMemory at 0x1f0f5e1cf00 of 132 bytes failed: Only part of a ReadProcessMemory or WriteProcessMemory request was completed. (0x12B)
[0624/225613.199:ERROR:process_memory_win.cc(73)] ReadMemory at 0x1f0f5e1d030 of 132 bytes failed: Only part of a ReadProcessMemory or WriteProcessMemory request was completed. (0x12B)
[0624/225613.222:ERROR:process_memory_win.cc(73)] ReadMemory at 0x1f0f5e1d160 of 132 bytes failed: Only part of a ReadProcessMemory or WriteProcessMemory request was completed. (0x12B)
[0624/225613.222:ERROR:process_memory_win.cc(73)] ReadMemory at 0x1f0f5e1d290 of 132 bytes failed: Only part of a ReadProcessMemory or WriteProcessMemory request was completed. (0x12B)
[0624/225613.223:ERROR:process_memory_win.cc(73)] ReadMemory at 0x1f0f5e1d4f0 of 132 bytes failed: Only part of a ReadProcessMemory or WriteProcessMemory request was completed. (0x12B)
[0624/225613.223:ERROR:process_memory_win.cc(73)] ReadMemory at 0x1f0f5e1d620 of 132 bytes failed: Only part of a ReadProcessMemory or WriteProcessMemory request was completed. (0x12B)
[0624/225613.223:ERROR:process_memory_win.cc(73)] ReadMemory at 0x1f0f5e1d750 of 132 bytes failed: Only part of a ReadProcessMemory or WriteProcessMemory request was completed. (0x12B)
[0624/225613.223:ERROR:process_memory_win.cc(73)] ReadMemory at 0x1f0f5e1d970 of 58 bytes failed: Only part of a ReadProcessMemory or WriteProcessMemory request was completed. (0x12B)
[0624/225613.223:ERROR:process_memory_win.cc(73)] ReadMemory at 0x1f0f5e1d9c0 of 60 bytes failed: Only part of a ReadProcessMemory or WriteProcessMemory request was completed. (0x12B)
[0624/225613.223:ERROR:process_memory_win.cc(73)] ReadMemory at 0x1f0f5e1db00 of 62 bytes failed: Only part of a ReadProcessMemory or WriteProcessMemory request was completed. (0x12B)
[0624/225613.223:ERROR:process_memory_win.cc(73)] ReadMemory at 0x1f0f5e1db50 of 66 bytes failed: Only part of a ReadProcessMemory or WriteProcessMemory request was completed. (0x12B)
[0624/225613.223:ERROR:process_memory_win.cc(73)] ReadMemory at 0x1f0f5e1dbf0 of 64 bytes failed: Only part of a ReadProcessMemory or WriteProcessMemory request was completed. (0x12B)
[0624/225613.223:ERROR:process_memory_win.cc(73)] ReadMemory at 0x1f0f5e1dc40 of 66 bytes failed: Only part of a ReadProcessMemory or WriteProcessMemory request was completed. (0x12B)
[0624/225613.223:ERROR:process_memory_win.cc(73)] ReadMemory at 0x1f0f5e1ddd0 of 62 bytes failed: Only part of a ReadProcessMemory or WriteProcessMemory request was completed. (0x12B)
[0624/225613.223:ERROR:process_memory_win.cc(73)] ReadMemory at 0x1f0f5e1de20 of 60 bytes failed: Only part of a ReadProcessMemory or WriteProcessMemory request was completed. (0x12B)
[0624/225613.223:ERROR:process_memory_win.cc(73)] ReadMemory at 0x1f0f5e1de70 of 64 bytes failed: Only part of a ReadProcessMemory or WriteProcessMemory request was completed. (0x12B)
[0624/225613.223:ERROR:process_memory_win.cc(73)] ReadMemory at 0x1f0f5e1df10 of 66 bytes failed: Only part of a ReadProcessMemory or WriteProcessMemory request was completed. (0x12B)
[0624/225613.223:ERROR:process_memory_win.cc(73)] ReadMemory at 0x1f0f5e1df60 of 58 bytes failed: Only part of a ReadProcessMemory or WriteProcessMemory request was completed. (0x12B)
[0624/225613.223:ERROR:process_memory_win.cc(73)] ReadMemory at 0x1f0f5e1dfb0 of 66 bytes failed: Only part of a ReadProcessMemory or WriteProcessMemory request was completed. (0x12B)
[0624/225613.223:ERROR:process_memory_win.cc(73)] ReadMemory at 0x1f0f5e1e000 of 60 bytes failed: Only part of a ReadProcessMemory or WriteProcessMemory request was completed. (0x12B)
[0624/225613.223:ERROR:process_memory_win.cc(73)] ReadMemory at 0x1f0f5e1e050 of 62 bytes failed: Only part of a ReadProcessMemory or WriteProcessMemory request was completed. (0x12B)
[0624/225613.223:ERROR:process_memory_win.cc(73)] ReadMemory at 0x1f0f5e1e4e0 of 512 bytes failed: Only part of a ReadProcessMemory or WriteProcessMemory request was completed. (0x12B)
[0624/225613.223:ERROR:process_memory_win.cc(73)] ReadMemory at 0x1f0f5e1fa00 of 154 bytes failed: Only part of a ReadProcessMemory or WriteProcessMemory request was completed. (0x12B)
[0624/225613.223:ERROR:process_memory_win.cc(73)] ReadMemory at 0x1f0f5e23100 of 132 bytes failed: Only part of a ReadProcessMemory or WriteProcessMemory request was completed. (0x12B)
[0624/225613.224:ERROR:process_memory_win.cc(73)] ReadMemory at 0x1f0f5e23230 of 132 bytes failed: Only part of a ReadProcessMemory or WriteProcessMemory request was completed. (0x12B)
[0624/225613.224:ERROR:process_memory_win.cc(73)] ReadMemory at 0x1f0f5e23360 of 132 bytes failed: Only part of a ReadProcessMemory or WriteProcessMemory request was completed. (0x12B)
[0624/225613.224:ERROR:process_memory_win.cc(73)] ReadMemory at 0x1f0f5e23490 of 132 bytes failed: Only part of a ReadProcessMemory or WriteProcessMemory request was completed. (0x12B)
[0624/225613.224:ERROR:process_memory_win.cc(73)] ReadMemory at 0x1f0f5e235c0 of 132 bytes failed: Only part of a ReadProcessMemory or WriteProcessMemory request was completed. (0x12B)
[0624/225613.224:ERROR:process_memory_win.cc(73)] ReadMemory at 0x1f0f5e236f0 of 132 bytes failed: Only part of a ReadProcessMemory or WriteProcessMemory request was completed. (0x12B)
[0624/225613.224:ERROR:process_memory_win.cc(73)] ReadMemory at 0x1f0f5e23820 of 132 bytes failed: Only part of a ReadProcessMemory or WriteProcessMemory request was completed. (0x12B)
[0624/225613.224:ERROR:process_memory_win.cc(73)] ReadMemory at 0x1f0f5e23950 of 132 bytes failed: Only part of a ReadProcessMemory or WriteProcessMemory request was completed. (0x12B)
[0624/225613.224:ERROR:process_memory_win.cc(73)] ReadMemory at 0x1f0f5e23a80 of 132 bytes failed: Only part of a ReadProcessMemory or WriteProcessMemory request was completed. (0x12B)
[0624/225613.224:ERROR:process_memory_win.cc(73)] ReadMemory at 0x1f0f5e23bb0 of 132 bytes failed: Only part of a ReadProcessMemory or WriteProcessMemory request was completed. (0x12B)
[0624/225613.224:ERROR:process_memory_win.cc(73)] ReadMemory at 0x1f0f5e23ce0 of 132 bytes failed: Only part of a ReadProcessMemory or WriteProcessMemory request was completed. (0x12B)
[0624/225613.224:ERROR:process_memory_win.cc(73)] ReadMemory at 0x1f0f5e23e10 of 132 bytes failed: Only part of a ReadProcessMemory or WriteProcessMemory request was completed. (0x12B)
[0624/225613.224:ERROR:process_memory_win.cc(73)] ReadMemory at 0x1f0f5e23f40 of 132 bytes failed: Only part of a ReadProcessMemory or WriteProcessMemory request was completed. (0x12B)
[0624/225613.224:ERROR:process_memory_win.cc(73)] ReadMemory at 0x1f0f5e24070 of 132 bytes failed: Only part of a ReadProcessMemory or WriteProcessMemory request was completed. (0x12B)
[0624/225613.245:ERROR:process_memory_win.cc(73)] ReadMemory at 0x1f0f5e241a0 of 132 bytes failed: Only part of a ReadProcessMemory or WriteProcessMemory request was completed. (0x12B)
[0624/225613.245:ERROR:process_memory_win.cc(73)] ReadMemory at 0x1f0f5e242d0 of 132 bytes failed: Only part of a ReadProcessMemory or WriteProcessMemory request was completed. (0x12B)
[0624/225613.245:ERROR:process_memory_win.cc(73)] ReadMemory at 0x1f0f5e24400 of 132 bytes failed: Only part of a ReadProcessMemory or WriteProcessMemory request was completed. (0x12B)
[0624/225613.245:ERROR:process_memory_win.cc(73)] ReadMemory at 0x1f0f5e24530 of 132 bytes failed: Only part of a ReadProcessMemory or WriteProcessMemory request was completed. (0x12B)
[0624/225613.245:ERROR:process_memory_win.cc(73)] ReadMemory at 0x1f0f5e24660 of 132 bytes failed: Only part of a ReadProcessMemory or WriteProcessMemory request was completed. (0x12B)
[0624/225613.245:ERROR:process_memory_win.cc(73)] ReadMemory at 0x1f0f5e24790 of 132 bytes failed: Only part of a ReadProcessMemory or WriteProcessMemory request was completed. (0x12B)
[0624/225613.245:ERROR:process_memory_win.cc(73)] ReadMemory at 0x1f0f5e248c0 of 132 bytes failed: Only part of a ReadProcessMemory or WriteProcessMemory request was completed. (0x12B)
[0624/225613.245:ERROR:process_memory_win.cc(73)] ReadMemory at 0x1f0f5e249f0 of 132 bytes failed: Only part of a ReadProcessMemory or WriteProcessMemory request was completed. (0x12B)
[0624/225613.245:ERROR:process_memory_win.cc(73)] ReadMemory at 0x1f0f5e24b20 of 132 bytes failed: Only part of a ReadProcessMemory or WriteProcessMemory request was completed. (0x12B)
[0624/225613.245:ERROR:process_memory_win.cc(73)] ReadMemory at 0x1f0f5e24c50 of 132 bytes failed: Only part of a ReadProcessMemory or WriteProcessMemory request was completed. (0x12B)
[0624/225613.245:ERROR:process_memory_win.cc(73)] ReadMemory at 0x1f0f5e24d80 of 132 bytes failed: Only part of a ReadProcessMemory or WriteProcessMemory request was completed. (0x12B)
[0624/225613.245:ERROR:process_memory_win.cc(73)] ReadMemory at 0x1f0f5e26650 of 80 bytes failed: Only part of a ReadProcessMemory or WriteProcessMemory request was completed. (0x12B)
[0624/225613.245:ERROR:process_memory_win.cc(73)] ReadMemory at 0x1f0f5e279f0 of 58 bytes failed: Only part of a ReadProcessMemory or WriteProcessMemory request was completed. (0x12B)
[0624/225613.245:ERROR:process_memory_win.cc(73)] ReadMemory at 0x1f0f5e27a40 of 62 bytes failed: Only part of a ReadProcessMemory or WriteProcessMemory request was completed. (0x12B)
[0624/225613.245:ERROR:process_memory_win.cc(73)] ReadMemory at 0x1f0f5e27a90 of 64 bytes failed: Only part of a ReadProcessMemory or WriteProcessMemory request was completed. (0x12B)
[0624/225613.245:ERROR:process_memory_win.cc(73)] ReadMemory at 0x1f0f5e27ea0 of 60 bytes failed: Only part of a ReadProcessMemory or WriteProcessMemory request was completed. (0x12B)
[0624/225613.245:ERROR:process_memory_win.cc(73)] ReadMemory at 0x1f0f5e27fe0 of 60 bytes failed: Only part of a ReadProcessMemory or WriteProcessMemory request was completed. (0x12B)
[0624/225613.246:ERROR:process_memory_win.cc(73)] ReadMemory at 0x1f0f5e28030 of 64 bytes failed: Only part of a ReadProcessMemory or WriteProcessMemory request was completed. (0x12B)
[0624/225613.246:ERROR:process_memory_win.cc(73)] ReadMemory at 0x1f0f5e28210 of 64 bytes failed: Only part of a ReadProcessMemory or WriteProcessMemory request was completed. (0x12B)
[0624/225613.246:ERROR:process_memory_win.cc(73)] ReadMemory at 0x1f0f5e28670 of 58 bytes failed: Only part of a ReadProcessMemory or WriteProcessMemory request was completed. (0x12B)
[0624/225613.246:ERROR:process_memory_win.cc(73)] ReadMemory at 0x1f0f5e2b3c0 of 54 bytes failed: Only part of a ReadProcessMemory or WriteProcessMemory request was completed. (0x12B)
[0624/225613.246:ERROR:process_memory_win.cc(73)] ReadMemory at 0x1f0f5e37d70 of 62 bytes failed: Only part of a ReadProcessMemory or WriteProcessMemory request was completed. (0x12B)
[0624/225613.246:ERROR:process_memory_win.cc(73)] ReadMemory at 0x1f0f5e37f00 of 60 bytes failed: Only part of a ReadProcessMemory or WriteProcessMemory request was completed. (0x12B)
[0624/225613.268:ERROR:process_memory_win.cc(73)] ReadMemory at 0x1f0f5e38040 of 62 bytes failed: Only part of a ReadProcessMemory or WriteProcessMemory request was completed. (0x12B)
[0624/225613.269:ERROR:process_memory_win.cc(73)] ReadMemory at 0x1f0f5e38270 of 62 bytes failed: Only part of a ReadProcessMemory or WriteProcessMemory request was completed. (0x12B)
[0624/225613.269:ERROR:process_memory_win.cc(73)] ReadMemory at 0x1f0f5e38310 of 64 bytes failed: Only part of a ReadProcessMemory or WriteProcessMemory request was completed. (0x12B)
[0624/225613.269:ERROR:process_memory_win.cc(73)] ReadMemory at 0x1f0f5e38540 of 60 bytes failed: Only part of a ReadProcessMemory or WriteProcessMemory request was completed. (0x12B)
[0624/225613.269:ERROR:process_memory_win.cc(73)] ReadMemory at 0x1f0f5e385e0 of 60 bytes failed: Only part of a ReadProcessMemory or WriteProcessMemory request was completed. (0x12B)
[0624/225613.269:ERROR:process_memory_win.cc(73)] ReadMemory at 0x1f0f5e386d0 of 60 bytes failed: Only part of a ReadProcessMemory or WriteProcessMemory request was completed. (0x12B)
[0624/225613.269:ERROR:process_memory_win.cc(73)] ReadMemory at 0x1f0f5e38720 of 56 bytes failed: Only part of a ReadProcessMemory or WriteProcessMemory request was completed. (0x12B)
[0624/225613.269:ERROR:process_memory_win.cc(73)] ReadMemory at 0x1f0f5e38770 of 62 bytes failed: Only part of a ReadProcessMemory or WriteProcessMemory request was completed. (0x12B)
[0624/225613.269:ERROR:process_memory_win.cc(73)] ReadMemory at 0x1f0f5e387c0 of 58 bytes failed: Only part of a ReadProcessMemory or WriteProcessMemory request was completed. (0x12B)
[0624/225613.269:ERROR:process_memory_win.cc(73)] ReadMemory at 0x1f0f5e38810 of 62 bytes failed: Only part of a ReadProcessMemory or WriteProcessMemory request was completed. (0x12B)
[0624/225613.269:ERROR:process_memory_win.cc(73)] ReadMemory at 0x1f0f5e38860 of 64 bytes failed: Only part of a ReadProcessMemory or WriteProcessMemory request was completed. (0x12B)
[0624/225613.269:ERROR:process_memory_win.cc(73)] ReadMemory at 0x1f0f5e389a0 of 64 bytes failed: Only part of a ReadProcessMemory or WriteProcessMemory request was completed. (0x12B)
[0624/225613.270:ERROR:process_memory_win.cc(73)] ReadMemory at 0x1f0f5e38a40 of 64 bytes failed: Only part of a ReadProcessMemory or WriteProcessMemory request was completed. (0x12B)
[0624/225613.270:ERROR:process_memory_win.cc(73)] ReadMemory at 0x1f0f5e38e50 of 132 bytes failed: Only part of a ReadProcessMemory or WriteProcessMemory request was completed. (0x12B)
[0624/225613.270:ERROR:process_memory_win.cc(73)] ReadMemory at 0x1f0f5e391e0 of 132 bytes failed: Only part of a ReadProcessMemory or WriteProcessMemory request was completed. (0x12B)
[0624/225613.270:ERROR:process_memory_win.cc(73)] ReadMemory at 0x1f0f5e397d0 of 132 bytes failed: Only part of a ReadProcessMemory or WriteProcessMemory request was completed. (0x12B)
[0624/225613.270:ERROR:process_memory_win.cc(73)] ReadMemory at 0x1f0f5e3a870 of 132 bytes failed: Only part of a ReadProcessMemory or WriteProcessMemory request was completed. (0x12B)
[0624/225613.270:ERROR:process_memory_win.cc(73)] ReadMemory at 0x1f0f5e3a9a0 of 132 bytes failed: Only part of a ReadProcessMemory or WriteProcessMemory request was completed. (0x12B)
[0624/225613.270:ERROR:process_memory_win.cc(73)] ReadMemory at 0x1f0f5e4bf10 of 512 bytes failed: Only part of a ReadProcessMemory or WriteProcessMemory request was completed. (0x12B)
[0624/225613.270:ERROR:process_memory_win.cc(73)] ReadMemory at 0x1f0f5e4cf50 of 512 bytes failed: Only part of a ReadProcessMemory or WriteProcessMemory request was completed. (0x12B)
[0624/225613.270:ERROR:process_memory_win.cc(73)] ReadMemory at 0x1f0f5e56d30 of 512 bytes failed: Only part of a ReadProcessMemory or WriteProcessMemory request was completed. (0x12B)
[0624/225613.270:ERROR:process_memory_win.cc(73)] ReadMemory at 0x1f0f792dcc8 of 512 bytes failed: Only part of a ReadProcessMemory or WriteProcessMemory request was completed. (0x12B)
[0624/225613.270:ERROR:process_memory_win.cc(73)] ReadMemory at 0x1f0f7931f30 of 512 bytes failed: Only part of a ReadProcessMemory or WriteProcessMemory request was completed. (0x12B)
[0624/225613.285:ERROR:process_memory_win.cc(73)] ReadMemory at 0x1f0f7934110 of 512 bytes failed: Only part of a ReadProcessMemory or WriteProcessMemory request was completed. (0x12B)
[0624/225613.285:ERROR:process_memory_win.cc(73)] ReadMemory at 0x1f0f795afd0 of 712 bytes failed: Only part of a ReadProcessMemory or WriteProcessMemory request was completed. (0x12B)
[0624/225613.285:ERROR:process_memory_win.cc(73)] ReadMemory at 0x1f0f796fb50 of 512 bytes failed: Only part of a ReadProcessMemory or WriteProcessMemory request was completed. (0x12B)
[0624/225613.285:ERROR:process_memory_win.cc(73)] ReadMemory at 0x1f0f79719d0 of 512 bytes failed: Only part of a ReadProcessMemory or WriteProcessMemory request was completed. (0x12B)
[0624/225613.285:ERROR:process_memory_win.cc(73)] ReadMemory at 0x1f0f7971d40 of 512 bytes failed: Only part of a ReadProcessMemory or WriteProcessMemory request was completed. (0x12B)
[0624/225613.285:ERROR:process_memory_win.cc(73)] ReadMemory at 0x1f0f79728f0 of 512 bytes failed: Only part of a ReadProcessMemory or WriteProcessMemory request was completed. (0x12B)
[0624/225613.285:ERROR:process_memory_win.cc(73)] ReadMemory at 0x1f0f7993bd0 of 512 bytes failed: Only part of a ReadProcessMemory or WriteProcessMemory request was completed. (0x12B)
[0624/225613.285:ERROR:process_memory_win.cc(73)] ReadMemory at 0x1f0f97c8e40 of 512 bytes failed: Only part of a ReadProcessMemory or WriteProcessMemory request was completed. (0x12B)
[0624/225613.285:ERROR:process_memory_win.cc(73)] ReadMemory at 0x43a6fc604000 of 384 bytes failed: Only part of a ReadProcessMemory or WriteProcessMemory request was completed. (0x12B)
[0624/225613.286:ERROR:process_memory_win.cc(73)] ReadMemory at 0x43a6fc844cb0 of 512 bytes failed: Only part of a ReadProcessMemory or WriteProcessMemory request was completed. (0x12B)
[0624/225613.286:ERROR:process_memory_win.cc(73)] ReadMemory at 0x7ffd33a762e5 of 512 bytes failed: Only part of a ReadProcessMemory or WriteProcessMemory request was completed. (0x12B)
[0624/225613.286:ERROR:process_memory_win.cc(73)] ReadMemory at 0x7ffd33de8ae0 of 512 bytes failed: Only part of a ReadProcessMemory or WriteProcessMemory request was completed. (0x12B)
[0624/225613.286:ERROR:process_memory_win.cc(73)] ReadMemory at 0x7ffd3598078c of 512 bytes failed: Only part of a ReadProcessMemory or WriteProcessMemory request was completed. (0x12B)
[0624/225613.286:ERROR:process_memory_win.cc(73)] ReadMemory at 0x7ffd83d8583a of 512 bytes failed: Only part of a ReadProcessMemory or WriteProcessMemory request was completed. (0x12B)
[0624/225613.286:ERROR:process_memory_win.cc(73)] ReadMemory at 0x7ffd83d86091 of 512 bytes failed: Only part of a ReadProcessMemory or WriteProcessMemory request was completed. (0x12B)
[0624/225613.286:ERROR:process_memory_win.cc(73)] ReadMemory at 0x7ffd9b890e00 of 512 bytes failed: Only part of a ReadProcessMemory or WriteProcessMemory request was completed. (0x12B)
[0624/225613.286:ERROR:process_memory_win.cc(73)] ReadMemory at 0x7ffd9de10000 of 384 bytes failed: Only part of a ReadProcessMemory or WriteProcessMemory request was completed. (0x12B)
[0624/225613.286:ERROR:process_memory_win.cc(73)] ReadMemory at 0x7ffd9de379f0 of 512 bytes failed: Only part of a ReadProcessMemory or WriteProcessMemory request was completed. (0x12B)
[0624/225613.286:ERROR:process_memory_win.cc(73)] ReadMemory at 0x7ffd9de382e0 of 512 bytes failed: Only part of a ReadProcessMemory or WriteProcessMemory request was completed. (0x12B)
[0624/225613.286:ERROR:process_memory_win.cc(73)] ReadMemory at 0x7ffd9de3a0d0 of 512 bytes failed: Only part of a ReadProcessMemory or WriteProcessMemory request was completed. (0x12B)
[0624/225613.286:ERROR:process_memory_win.cc(73)] ReadMemory at 0x7ffd9deaa9a4 of 672 bytes failed: Only part of a ReadProcessMemory or WriteProcessMemory request was completed. (0x12B)
[0624/225613.286:ERROR:process_memory_win.cc(73)] ReadMemory at 0x7ffd9deae214 of 608 bytes failed: Only part of a ReadProcessMemory or WriteProcessMemory request was completed. (0x12B)
[0624/225613.286:ERROR:process_memory_win.cc(73)] ReadMemory at 0x7ffd9df301e0 of 18 bytes failed: Only part of a ReadProcessMemory or WriteProcessMemory request was completed. (0x12B)
[0624/225613.286:ERROR:process_memory_win.cc(73)] ReadMemory at 0x7ffd9df665b0 of 40 bytes failed: Only part of a ReadProcessMemory or WriteProcessMemory request was completed. (0x12B)
[0624/225613.286:ERROR:process_memory_win.cc(73)] ReadMemory at 0x7ffd9df66a08 of 48 bytes failed: Only part of a ReadProcessMemory or WriteProcessMemory request was completed. (0x12B)
[0624/225613.286:ERROR:process_memory_win.cc(73)] ReadMemory at 0x7ffd9df6c360 of 64 bytes failed: Only part of a ReadProcessMemory or WriteProcessMemory request was completed. (0x12B)
[0624/225613.291:ERROR:scoped_process_suspend.cc(40)] NtResumeProcess: An attempt was made to access an exiting process. (0xc000010a)
